

*******************************************************************************
Wed Apr 15 23:31:42 2026


FIT:    data read from "fermi.dat" using 1:2
        format = x:z
        #datapoints = 7
        residuals are weighted equally (unit weight)

function used for fitting: f(x)
	f(x)=m*x+c
fitted parameters initialized with current variable values

iter      chisq       delta/lim  lambda   m             c            
   0 7.7932263488e+05   0.00e+00  2.36e+02    1.000000e+00   1.000000e+00
   8 2.5842857143e-06  -2.47e-09  2.36e-02    1.490000e-03  -1.094143e-02

After 8 iterations the fit converged.
final sum of squares of residuals : 2.58429e-06
rel. change during last iteration : -2.47461e-14

degrees of freedom    (FIT_NDF)                        : 5
rms of residuals      (FIT_STDFIT) = sqrt(WSSR/ndf)    : 0.000718928
variance of residuals (reduced chisquare) = WSSR/ndf   : 5.16857e-07

Final set of parameters            Asymptotic Standard Error
=======================            ==========================
m               = 0.00149          +/- 2.717e-05    (1.824%)
c               = -0.0109414       +/- 0.009053     (82.74%)

correlation matrix of the fit parameters:
                m      c      
m               1.000 
c              -1.000  1.000 


*******************************************************************************
Wed Apr 15 23:32:58 2026


FIT:    data read from "fermi.dat" using 1:2
        format = x:z
        #datapoints = 7
        residuals are weighted equally (unit weight)

function used for fitting: f(x)
	f(x)=m*x+c
fitted parameters initialized with current variable values

iter      chisq       delta/lim  lambda   m             c            
   0 7.7932263488e+05   0.00e+00  2.36e+02    1.000000e+00   1.000000e+00
   8 2.5842857143e-06  -2.47e-09  2.36e-02    1.490000e-03  -1.094143e-02

After 8 iterations the fit converged.
final sum of squares of residuals : 2.58429e-06
rel. change during last iteration : -2.47461e-14

degrees of freedom    (FIT_NDF)                        : 5
rms of residuals      (FIT_STDFIT) = sqrt(WSSR/ndf)    : 0.000718928
variance of residuals (reduced chisquare) = WSSR/ndf   : 5.16857e-07

Final set of parameters            Asymptotic Standard Error
=======================            ==========================
m               = 0.00149          +/- 2.717e-05    (1.824%)
c               = -0.0109414       +/- 0.009053     (82.74%)

correlation matrix of the fit parameters:
                m      c      
m               1.000 
c              -1.000  1.000 


*******************************************************************************
Wed Apr 15 23:33:26 2026


FIT:    data read from "fermi.dat" using 1:2
        format = x:z
        #datapoints = 7
        residuals are weighted equally (unit weight)

function used for fitting: f(x)
	f(x)=m*x+c
fitted parameters initialized with current variable values

iter      chisq       delta/lim  lambda   m             c            
   0 7.7932263488e+05   0.00e+00  2.36e+02    1.000000e+00   1.000000e+00
   8 2.5842857143e-06  -2.47e-09  2.36e-02    1.490000e-03  -1.094143e-02

After 8 iterations the fit converged.
final sum of squares of residuals : 2.58429e-06
rel. change during last iteration : -2.47461e-14

degrees of freedom    (FIT_NDF)                        : 5
rms of residuals      (FIT_STDFIT) = sqrt(WSSR/ndf)    : 0.000718928
variance of residuals (reduced chisquare) = WSSR/ndf   : 5.16857e-07

Final set of parameters            Asymptotic Standard Error
=======================            ==========================
m               = 0.00149          +/- 2.717e-05    (1.824%)
c               = -0.0109414       +/- 0.009053     (82.74%)

correlation matrix of the fit parameters:
                m      c      
m               1.000 
c              -1.000  1.000 


*******************************************************************************
Wed Apr 15 23:34:14 2026


FIT:    data read from "fermi.dat" using 1:2
        format = x:z
        #datapoints = 7
        residuals are weighted equally (unit weight)

function used for fitting: f(x)
	f(x)=m*x+c
fitted parameters initialized with current variable values

iter      chisq       delta/lim  lambda   m             c            
   0 7.7932263488e+05   0.00e+00  2.36e+02    1.000000e+00   1.000000e+00
   8 2.5842857143e-06  -2.47e-09  2.36e-02    1.490000e-03  -1.094143e-02

After 8 iterations the fit converged.
final sum of squares of residuals : 2.58429e-06
rel. change during last iteration : -2.47461e-14

degrees of freedom    (FIT_NDF)                        : 5
rms of residuals      (FIT_STDFIT) = sqrt(WSSR/ndf)    : 0.000718928
variance of residuals (reduced chisquare) = WSSR/ndf   : 5.16857e-07

Final set of parameters            Asymptotic Standard Error
=======================            ==========================
m               = 0.00149          +/- 2.717e-05    (1.824%)
c               = -0.0109414       +/- 0.009053     (82.74%)

correlation matrix of the fit parameters:
                m      c      
m               1.000 
c              -1.000  1.000 


*******************************************************************************
Wed Apr 15 23:36:53 2026


FIT:    data read from "fermi.dat" using 1:2
        format = x:z
        x range restricted to [318.000 : 348.000]
        #datapoints = 7
        residuals are weighted equally (unit weight)

function used for fitting: f(x)
	f(x)=m*x+c
fitted parameters initialized with current variable values

iter      chisq       delta/lim  lambda   m             c            
   0 2.5842857143e-06   0.00e+00  3.51e-01    1.490000e-03  -1.094143e-02
   1 2.5842857143e-06   0.00e+00  3.51e+00    1.490000e-03  -1.094143e-02

After 1 iterations the fit converged.
final sum of squares of residuals : 2.58429e-06
rel. change during last iteration : 0

degrees of freedom    (FIT_NDF)                        : 5
rms of residuals      (FIT_STDFIT) = sqrt(WSSR/ndf)    : 0.000718928
variance of residuals (reduced chisquare) = WSSR/ndf   : 5.16857e-07

Final set of parameters            Asymptotic Standard Error
=======================            ==========================
m               = 0.00149          +/- 2.717e-05    (1.824%)
c               = -0.0109414       +/- 0.009053     (82.74%)

correlation matrix of the fit parameters:
                m      c      
m               1.000 
c              -1.000  1.000 
